[0611/133801.570:ERROR:process_info.cc(329)] VirtualQueryEx: Access is denied. (0x5)
[0611/133801.571:ERROR:process_info.cc(556)] ReadMemoryInfo failed
[0611/133801.402:ERROR:process_info.cc(98)] ReadProcessMemory UNICODE_STRING: Only part of a ReadProcessMemory or WriteProcessMemory request was completed. (0x12B)
[0611/133801.607:ERROR:process_info.cc(329)] VirtualQueryEx: Access is denied. (0x5)
[0611/133801.607:ERROR:process_info.cc(556)] ReadMemoryInfo failed
[0611/133801.737:ERROR:process_info.cc(329)] VirtualQueryEx: Access is denied. (0x5)
[0611/133801.737:ERROR:process_info.cc(556)] ReadMemoryInfo failed
[0611/133801.818:ERROR:process_info.cc(329)] VirtualQueryEx: Access is denied. (0x5)
[0611/133801.818:ERROR:process_info.cc(556)] ReadMemoryInfo failed
[0611/133801.831:ERROR:process_info.cc(329)] VirtualQueryEx: Access is denied. (0x5)
[0611/133801.831:ERROR:process_info.cc(556)] ReadMemoryInfo failed
[0611/133802.132:ERROR:process_info.cc(329)] VirtualQueryEx: Access is denied. (0x5)
[0611/133802.132:ERROR:process_info.cc(556)] ReadMemoryInfo failed
[0611/133802.160:ERROR:process_info.cc(329)] VirtualQueryEx: Access is denied. (0x5)
[0611/133802.160:ERROR:process_info.cc(556)] ReadMemoryInfo failed
[0611/133802.959:ERROR:process_info.cc(329)] VirtualQueryEx: Access is denied. (0x5)
[0611/133802.991:ERROR:process_info.cc(556)] ReadMemoryInfo failed
[0611/133802.985:ERROR:process_reader_win.cc(123)] NtOpenThread: {Access Denied} A process has requested access to an object, but has not been granted those access rights. (0xc0000022)
[0611/133802.997:ERROR:process_reader_win.cc(123)] NtOpenThread: {Access Denied} A process has requested access to an object, but has not been granted those access rights. (0xc0000022)
[0611/133802.997:ERROR:process_reader_win.cc(123)] NtOpenThread: {Access Denied} A process has requested access to an object, but has not been granted those access rights. (0xc0000022)
[0611/133803.064:ERROR:exception_snapshot_win.cc(98)] thread ID 9304 not found in process
[0611/133803.064:ERROR:exception_snapshot_win.cc(98)] thread ID 4608 not found in process
[0611/133801.671:ERROR:scoped_process_suspend.cc(40)] NtResumeProcess: An attempt was made to access an exiting process. (0xc000010a)
[0611/133801.671:ERROR:scoped_process_suspend.cc(40)] NtResumeProcess: An attempt was made to access an exiting process. (0xc000010a)
[0611/133801.737:ERROR:scoped_process_suspend.cc(40)] NtResumeProcess: An attempt was made to access an exiting process. (0xc000010a)
[0611/133801.831:ERROR:scoped_process_suspend.cc(40)] NtResumeProcess: An attempt was made to access an exiting process. (0xc000010a)
[0611/133802.160:ERROR:scoped_process_suspend.cc(40)] NtResumeProcess: An attempt was made to access an exiting process. (0xc000010a)
[0611/133801.819:ERROR:scoped_process_suspend.cc(40)] NtResumeProcess: An attempt was made to access an exiting process. (0xc000010a)
[0611/133802.132:ERROR:scoped_process_suspend.cc(40)] NtResumeProcess: An attempt was made to access an exiting process. (0xc000010a)
[0611/133802.991:ERROR:scoped_process_suspend.cc(40)] NtResumeProcess: An attempt was made to access an exiting process. (0xc000010a)
[0611/133802.983:ERROR:process_reader_win.cc(123)] NtOpenThread: {Access Denied} A process has requested access to an object, but has not been granted those access rights. (0xc0000022)
[0611/133802.981:ERROR:process_reader_win.cc(123)] NtOpenThread: {Access Denied} A process has requested access to an object, but has not been granted those access rights. (0xc0000022)
[0611/133802.988:ERROR:process_reader_win.cc(123)] NtOpenThread: {Access Denied} A process has requested access to an object, but has not been granted those access rights. (0xc0000022)
[0611/133803.064:ERROR:exception_snapshot_win.cc(98)] thread ID 11400 not found in process
[0611/133803.064:ERROR:exception_snapshot_win.cc(98)] thread ID 1672 not found in process
[0611/133802.985:ERROR:process_reader_win.cc(123)] NtOpenThread: {Access Denied} A process has requested access to an object, but has not been granted those access rights. (0xc0000022)
[0611/133803.065:ERROR:exception_snapshot_win.cc(98)] thread ID 10852 not found in process
[0611/133803.064:ERROR:exception_snapshot_win.cc(98)] thread ID 11092 not found in process
[0611/133803.065:ERROR:exception_snapshot_win.cc(98)] thread ID 3140 not found in process
[0611/133803.070:ERROR:process_info.cc(329)] VirtualQueryEx: Access is denied. (0x5)
[0611/133803.070:ERROR:process_info.cc(556)] ReadMemoryInfo failed
[0611/133803.070:ERROR:scoped_process_suspend.cc(40)] NtResumeProcess: An attempt was made to access an exiting process. (0xc000010a)
[0611/133803.138:ERROR:process_reader_win.cc(123)] NtOpenThread: {Access Denied} A process has requested access to an object, but has not been granted those access rights. (0xc0000022)
[0611/133803.138:ERROR:exception_snapshot_win.cc(98)] thread ID 2396 not found in process
[0624/204928.474:ERROR:settings.cc(320)] Settings magic is not 1129342067
